<?xml version="1.0" encoding="UTF-8"?>
<testsuite xmlns:xsi="http://www.w3.org/2001/XMLSchema-instance" xsi:noNamespaceSchemaLocation="https://maven.apache.org/surefire/maven-surefire-plugin/xsd/surefire-test-report.xsd" version="3.0.1" name="com.example.nonogramsolver.model.CellTest" time="0.136" tests="13" errors="0" skipped="0" failures="0">
  <properties>
[...]
</properties>
  <testcase name="testSetCellToEmpty" classname="com.example.nonogramsolver.model.CellTest" time="0.027"/>
  <testcase name="testGetCellForAllStates" classname="com.example.nonogramsolver.model.CellTest" time="0.002"/>
  <testcase name="testSetCellCaseInsensitive" classname="com.example.nonogramsolver.model.CellTest" time="0.001"/>
  <testcase name="testGetCellForUncertainState" classname="com.example.nonogramsolver.model.CellTest" time="0.001"/>
  <testcase name="testSetCellWithNullInput" classname="com.example.nonogramsolver.model.CellTest" time="0.002"/>
  <testcase name="testSetCellToUncertainForInvalidInputs(String)[1]" classname="com.example.nonogramsolver.model.CellTest" time="0.009"/>
  <testcase name="testSetCellToUncertainForInvalidInputs(String)[2]" classname="com.example.nonogramsolver.model.CellTest" time="0.002"/>
  <testcase name="testSetCellToUncertainForInvalidInputs(String)[3]" classname="com.example.nonogramsolver.model.CellTest" time="0.001"/>
  <testcase name="testSetCellToUncertainForInvalidInputs(String)[4]" classname="com.example.nonogramsolver.model.CellTest" time="0.002"/>
  <testcase name="testSetCellToUncertainForInvalidInputs(String)[5]" classname="com.example.nonogramsolver.model.CellTest" time="0.003"/>
  <testcase name="testSetCellToFilled" classname="com.example.nonogramsolver.model.CellTest" time="0.002"/>
  <testcase name="testStateTransitions" classname="com.example.nonogramsolver.model.CellTest" time="0.004"/>
  <testcase name="testDefaultConstructor" classname="com.example.nonogramsolver.model.CellTest" time="0.002"/>
</testsuite>